This is pdfTeX, Version 3.141592653-2.6-1.40.26 (TeX Live 2024) (preloaded format=pdflatex 2024.9.15)  30 SEP 2024 08:01
entering extended mode
 restricted \write18 enabled.
 file:line:error style messages enabled.
 %&-line parsing enabled.
**"c:/Users/26790/Documents/1classes/24fall/math 421/notes/review1.tex"
(c:/Users/26790/Documents/1classes/24fall/math 421/notes/review1.tex
LaTeX2e <2024-06-01> patch level 2
L3 programming layer <2024-08-16>
)
! Emergency stop.
<*> ...1classes/24fall/math 421/notes/review1.tex"
                                                  
*** (job aborted, no legal \end found)

 
Here is how much of TeX's memory you used:
 15 strings out of 473578
 512 string characters out of 5732242
 1925960 words of memory out of 5000000
 23012 multiletter control sequences out of 15000+600000
 558069 words of font info for 36 fonts, out of 8000000 for 9000
 1141 hyphenation exceptions out of 8191
 12i,0n,13p,101b,8s stack positions out of 10000i,1000n,20000p,200000b,200000s
!  ==> Fatal error occurred, no output PDF file produced!
